2026-03-29 17:39:39,740 | INFO | Loading dataset from D:\GitHub\GoT_HGs_RAG\datasets\agriculture
2026-03-29 17:39:39,741 | INFO | Using GraphML file graph_chunk_entity_relation.graphml
2026-03-29 17:39:43,502 | INFO | Starting GoTHyper pipeline for question: How can urban farms build community support while dealing with lead contamination in soil?
2026-03-29 17:39:43,503 | INFO | TaskFrame created with 3 anchors, 2 constraints, 1 bridges
2026-03-29 17:39:44,060 | INFO | Extracted subgraph with 345 nodes, 370 edges, 156 source chunks
2026-03-29 17:39:44,061 | INFO | Initialized ThoughtGraph with 4 seed thoughts
2026-03-29 17:39:44,061 | INFO | Reasoning step 1/5
2026-03-29 17:39:44,061 | INFO | Scored 4 thoughts
2026-03-29 17:39:44,067 | INFO | Retrieved 6 evidence items for thought th-0002
2026-03-29 17:39:44,069 | INFO | Reasoning step 2/5
2026-03-29 17:39:44,074 | INFO | Scored 10 thoughts
2026-03-29 17:39:44,078 | INFO | Retrieved 6 evidence items for thought th-0006
2026-03-29 17:39:44,083 | INFO | Retrieved 6 evidence items for thought ev-th-0002-6
2026-03-29 17:39:44,086 | INFO | Reasoning step 3/5
2026-03-29 17:39:44,089 | INFO | Scored 22 thoughts
2026-03-29 17:39:44,095 | INFO | Retrieved 6 evidence items for thought th-0007
2026-03-29 17:39:44,102 | INFO | Retrieved 6 evidence items for thought ev-ev-th-0002-6-5
2026-03-29 17:39:44,107 | INFO | Retrieved 6 evidence items for thought ev-th-0006-3
2026-03-29 17:39:44,109 | INFO | Reasoning step 4/5
2026-03-29 17:39:44,113 | INFO | Scored 40 thoughts
2026-03-29 17:39:44,119 | INFO | Retrieved 6 evidence items for thought th-0009
2026-03-29 17:39:44,125 | INFO | Retrieved 6 evidence items for thought ev-ev-th-0006-3-5
2026-03-29 17:39:44,132 | INFO | Retrieved 6 evidence items for thought th-0010
2026-03-29 17:39:44,134 | INFO | Reasoning step 5/5
2026-03-29 17:39:44,137 | INFO | Scored 58 thoughts
2026-03-29 17:39:44,142 | INFO | Retrieved 6 evidence items for thought th-0012
2026-03-29 17:39:44,150 | INFO | Retrieved 6 evidence items for thought th-0013
2026-03-29 17:39:44,157 | INFO | Retrieved 6 evidence items for thought th-0014
2026-03-29 17:39:44,159 | INFO | Final answer synthesized with 2 evidence parents
2026-03-29 17:39:44,170 | INFO | Pipeline finished. Artifacts saved under D:\GitHub\GoT_HGs_RAG\runs\20260329_173939_how-can-urban-farms-build-community-support-whil
