2026-03-29 17:54:38,354 | INFO | Loading dataset from D:\GitHub\GoT_HGs_RAG\datasets\agriculture
2026-03-29 17:54:38,354 | INFO | Using GraphML file graph_chunk_entity_relation.graphml
2026-03-29 17:54:43,191 | INFO | Starting GoTHyper pipeline for question: How can urban farms build community support while dealing with lead contamination in soil?
2026-03-29 17:54:43,192 | INFO | TaskFrame created with 3 anchors, 2 constraints, 1 bridges
2026-03-29 17:54:43,317 | INFO | Extracted subgraph with 249 nodes, 250 edges, 264 source chunks
2026-03-29 17:54:43,318 | INFO | Initialized ThoughtGraph with 4 seed thoughts
2026-03-29 17:54:43,318 | INFO | Reasoning step 1/5
2026-03-29 17:54:43,322 | INFO | Retrieved 6 evidence items for thought th-0002
2026-03-29 17:54:43,363 | INFO | Retrieved 6 evidence items for thought th-0003
2026-03-29 17:54:43,368 | INFO | Retrieved 6 evidence items for thought th-0004
2026-03-29 17:54:43,371 | INFO | Retrieved 6 evidence items for thought th-0005
2026-03-29 17:54:43,372 | INFO | Scored 4 thoughts
2026-03-29 17:54:43,375 | INFO | Reasoning step 2/5
2026-03-29 17:54:43,381 | INFO | Retrieved 6 evidence items for thought th-0003
2026-03-29 17:54:43,386 | INFO | Retrieved 6 evidence items for thought th-0004
2026-03-29 17:54:43,390 | INFO | Retrieved 6 evidence items for thought th-0005
2026-03-29 17:54:43,394 | INFO | Retrieved 6 evidence items for thought th-0006
2026-03-29 17:54:43,396 | INFO | Scored 10 thoughts
2026-03-29 17:54:43,401 | INFO | Reasoning step 3/5
2026-03-29 17:54:43,405 | INFO | Retrieved 6 evidence items for thought th-0003
2026-03-29 17:54:43,411 | INFO | Retrieved 6 evidence items for thought th-0004
2026-03-29 17:54:43,413 | INFO | Retrieved 6 evidence items for thought th-0005
2026-03-29 17:54:43,416 | INFO | Retrieved 6 evidence items for thought th-0007
2026-03-29 17:54:43,417 | INFO | Scored 16 thoughts
2026-03-29 17:54:43,422 | INFO | Reasoning step 4/5
2026-03-29 17:54:43,427 | INFO | Retrieved 6 evidence items for thought th-0003
2026-03-29 17:54:43,434 | INFO | Retrieved 6 evidence items for thought th-0004
2026-03-29 17:54:43,439 | INFO | Retrieved 6 evidence items for thought th-0005
2026-03-29 17:54:43,444 | INFO | Retrieved 6 evidence items for thought th-0008
2026-03-29 17:54:43,446 | INFO | Scored 22 thoughts
2026-03-29 17:54:43,448 | INFO | Reasoning step 5/5
2026-03-29 17:54:43,454 | INFO | Retrieved 6 evidence items for thought th-0003
2026-03-29 17:54:43,458 | INFO | Retrieved 6 evidence items for thought th-0004
2026-03-29 17:54:43,461 | INFO | Retrieved 6 evidence items for thought th-0005
2026-03-29 17:54:43,464 | INFO | Retrieved 6 evidence items for thought th-0009
2026-03-29 17:54:43,465 | INFO | Scored 28 thoughts
2026-03-29 17:54:43,468 | INFO | Final answer synthesized with 2 evidence parents
2026-03-29 17:54:43,481 | INFO | Pipeline finished. Artifacts saved under D:\GitHub\GoT_HGs_RAG\runs\20260329_175438_how-can-urban-farms-build-community-support-whil
