2026-04-02 13:49:39,000 | INFO | Loading dataset from /home/ps/yq/GoT_HGs_RAG/datasets/agriculture
2026-04-02 13:49:39,001 | INFO | Using GraphML file graph_chunk_entity_relation.graphml
2026-04-02 13:49:58,127 | INFO | Starting GoTHyper pipeline for question: What significant year marked the expansion of community gardening initiatives in Seattle and saw a surge in demand for similar programs in Portland schools?
2026-04-02 13:50:00,279 | INFO | TaskFrame created with 5 anchors, 2 constraints, 2 bridges
2026-04-02 13:50:00,281 | INFO | Initialized ThoughtGraph with 10 seed thoughts
2026-04-02 13:50:00,281 | INFO | Reasoning step 1/5
2026-04-02 13:50:09,101 | INFO | Retrieved 6 evidence items for thought th-0002
2026-04-02 13:50:10,619 | INFO | Retrieved 6 evidence items for thought th-0003
2026-04-02 13:50:11,956 | INFO | Retrieved 6 evidence items for thought th-0004
2026-04-02 13:50:17,097 | INFO | Retrieved 6 evidence items for thought th-0005
2026-04-02 13:50:18,188 | INFO | Retrieved 6 evidence items for thought th-0006
2026-04-02 13:50:20,147 | INFO | Retrieved 6 evidence items for thought th-0007
2026-04-02 13:50:22,883 | INFO | Retrieved 6 evidence items for thought th-0008
2026-04-02 13:50:26,024 | INFO | Retrieved 6 evidence items for thought th-0009
2026-04-02 13:50:27,012 | INFO | Retrieved 6 evidence items for thought th-0010
2026-04-02 13:50:28,855 | INFO | Retrieved 6 evidence items for thought th-0011
2026-04-02 13:50:39,530 | INFO | Scored 10 thoughts
2026-04-02 13:50:51,966 | INFO | Reasoning step 2/5
2026-04-02 13:50:52,178 | INFO | Retrieved 6 evidence items for thought th-0002
2026-04-02 13:50:52,315 | INFO | Retrieved 6 evidence items for thought th-0003
2026-04-02 13:50:52,460 | INFO | Retrieved 6 evidence items for thought th-0004
2026-04-02 13:50:52,583 | INFO | Retrieved 6 evidence items for thought th-0006
2026-04-02 13:50:52,692 | INFO | Retrieved 6 evidence items for thought th-0007
2026-04-02 13:50:52,798 | INFO | Retrieved 6 evidence items for thought th-0008
2026-04-02 13:50:52,905 | INFO | Retrieved 6 evidence items for thought th-0009
2026-04-02 13:50:53,010 | INFO | Retrieved 6 evidence items for thought th-0010
2026-04-02 13:50:56,755 | INFO | Retrieved 6 evidence items for thought th-0012
2026-04-02 13:50:57,743 | INFO | Retrieved 6 evidence items for thought th-0013
2026-04-02 13:50:59,159 | INFO | Scored 10 thoughts
2026-04-02 13:51:14,801 | INFO | Reasoning step 3/5
2026-04-02 13:51:14,955 | INFO | Retrieved 6 evidence items for thought th-0002
2026-04-02 13:51:15,111 | INFO | Retrieved 6 evidence items for thought th-0003
2026-04-02 13:51:15,240 | INFO | Retrieved 6 evidence items for thought th-0004
2026-04-02 13:51:15,364 | INFO | Retrieved 6 evidence items for thought th-0006
2026-04-02 13:51:15,497 | INFO | Retrieved 6 evidence items for thought th-0007
2026-04-02 13:51:15,656 | INFO | Retrieved 6 evidence items for thought th-0008
2026-04-02 13:51:15,774 | INFO | Retrieved 6 evidence items for thought th-0009
2026-04-02 13:51:15,944 | INFO | Retrieved 6 evidence items for thought th-0010
2026-04-02 13:51:16,042 | INFO | Retrieved 6 evidence items for thought th-0014
2026-04-02 13:51:16,170 | INFO | Retrieved 6 evidence items for thought th-0015
2026-04-02 13:51:16,178 | INFO | Scored 10 thoughts
2026-04-02 13:51:33,216 | INFO | Reasoning step 4/5
2026-04-02 13:51:33,334 | INFO | Retrieved 6 evidence items for thought th-0002
2026-04-02 13:51:33,449 | INFO | Retrieved 6 evidence items for thought th-0003
2026-04-02 13:51:33,560 | INFO | Retrieved 6 evidence items for thought th-0004
2026-04-02 13:51:33,681 | INFO | Retrieved 6 evidence items for thought th-0006
2026-04-02 13:51:33,805 | INFO | Retrieved 6 evidence items for thought th-0007
2026-04-02 13:51:33,915 | INFO | Retrieved 6 evidence items for thought th-0008
2026-04-02 13:51:34,028 | INFO | Retrieved 6 evidence items for thought th-0009
2026-04-02 13:51:34,140 | INFO | Retrieved 6 evidence items for thought th-0010
2026-04-02 13:51:34,294 | INFO | Retrieved 6 evidence items for thought th-0016
2026-04-02 13:51:34,423 | INFO | Retrieved 6 evidence items for thought th-0017
2026-04-02 13:51:34,425 | INFO | Scored 10 thoughts
2026-04-02 13:51:53,566 | INFO | Reasoning step 5/5
2026-04-02 13:51:53,725 | INFO | Retrieved 6 evidence items for thought th-0002
2026-04-02 13:51:53,852 | INFO | Retrieved 6 evidence items for thought th-0003
2026-04-02 13:51:53,976 | INFO | Retrieved 6 evidence items for thought th-0004
2026-04-02 13:51:54,098 | INFO | Retrieved 6 evidence items for thought th-0006
2026-04-02 13:51:54,250 | INFO | Retrieved 6 evidence items for thought th-0007
2026-04-02 13:51:54,369 | INFO | Retrieved 6 evidence items for thought th-0008
2026-04-02 13:51:54,476 | INFO | Retrieved 6 evidence items for thought th-0009
2026-04-02 13:51:54,596 | INFO | Retrieved 6 evidence items for thought th-0010
2026-04-02 13:51:54,718 | INFO | Retrieved 6 evidence items for thought th-0018
2026-04-02 13:51:54,825 | INFO | Retrieved 6 evidence items for thought th-0019
2026-04-02 13:51:54,834 | INFO | Scored 10 thoughts
2026-04-02 13:52:20,267 | INFO | Final answer synthesized with 2 reasoning parents
2026-04-02 13:52:20,450 | INFO | Pipeline finished. Artifacts saved under /home/ps/yq/GoT_HGs_RAG/runs/20260402_134938_what-significant-year-marked-the-expansion-of-co
