2026-03-29 17:40:20,822 | INFO | Loading dataset from D:\GitHub\GoT_HGs_RAG\datasets\agriculture
2026-03-29 17:40:20,822 | INFO | Using GraphML file graph_chunk_entity_relation.graphml
2026-03-29 17:40:27,008 | INFO | Starting GoTHyper pipeline for question: How can urban farms build community support while dealing with lead contamination in soil?
2026-03-29 17:40:27,009 | INFO | TaskFrame created with 3 anchors, 2 constraints, 1 bridges
2026-03-29 17:40:27,155 | INFO | Extracted subgraph with 211 nodes, 222 edges, 179 source chunks
2026-03-29 17:40:27,157 | INFO | Initialized ThoughtGraph with 4 seed thoughts
2026-03-29 17:40:27,159 | INFO | Reasoning step 1/5
2026-03-29 17:40:27,160 | INFO | Scored 4 thoughts
2026-03-29 17:40:27,169 | INFO | Retrieved 6 evidence items for thought th-0002
2026-03-29 17:40:27,232 | INFO | Reasoning step 2/5
2026-03-29 17:40:27,234 | INFO | Scored 10 thoughts
2026-03-29 17:40:27,240 | INFO | Retrieved 6 evidence items for thought th-0006
2026-03-29 17:40:27,242 | INFO | Reasoning step 3/5
2026-03-29 17:40:27,243 | INFO | Scored 16 thoughts
2026-03-29 17:40:27,247 | INFO | Retrieved 6 evidence items for thought th-0007
2026-03-29 17:40:27,250 | INFO | Reasoning step 4/5
2026-03-29 17:40:27,252 | INFO | Scored 22 thoughts
2026-03-29 17:40:27,257 | INFO | Retrieved 6 evidence items for thought th-0008
2026-03-29 17:40:27,259 | INFO | Reasoning step 5/5
2026-03-29 17:40:27,260 | INFO | Scored 28 thoughts
2026-03-29 17:40:27,270 | INFO | Retrieved 6 evidence items for thought th-0009
2026-03-29 17:40:27,274 | INFO | Final answer synthesized with 2 evidence parents
2026-03-29 17:40:27,310 | INFO | Pipeline finished. Artifacts saved under D:\GitHub\GoT_HGs_RAG\runs\20260329_174020_how-can-urban-farms-build-community-support-whil
